<?xml version="1.0" encoding="UTF-8" ?>
<testsuite tests="1" failures="1" name="GoogleSearchTest" time="13.838" errors="0" skipped="0">
  <properties>
[...]
</properties>
  <testcase classname="GoogleSearchTest" name="testGoogleSearch" time="13.838">
    <failure message="expected:&lt;[Selenium testing tools cookbook - Google Search]&gt; but was:&lt;[Google]&gt;" type="org.junit.ComparisonFailure">org.junit.ComparisonFailure: expected:&lt;[Selenium testing tools cookbook - Google Search]&gt; but was:&lt;[Google]&gt;
	at org.junit.Assert.assertEquals(Assert.java:115)
	at org.junit.Assert.assertEquals(Assert.java:144)
	at GoogleSearchTest.testGoogleSearch(GoogleSearchTest.java:43)
	at sun.reflect.NativeMethodAccessorImpl.invoke0(Native Method)
	at sun.reflect.NativeMethodAccessorImpl.invoke(NativeMethodAccessorImpl.java:62)
	at sun.reflect.DelegatingMethodAccessorImpl.invoke(DelegatingMethodAccessorImpl.java:43)
	at java.lang.reflect.Method.invoke(Method.java:498)
	at org.junit.runners.model.FrameworkMethod$1.runReflectiveCall(FrameworkMethod.java:50)
	at org.junit.internal.runners.model.ReflectiveCallable.run(ReflectiveCallable.java:12)
	at org.junit.runners.model.FrameworkMethod.invokeExplosively(FrameworkMethod.java:47)
	at org.junit.internal.runners.statements.InvokeMethod.evaluate(InvokeMethod.java:17)
	at org.junit.internal.runners.statements.RunBefores.evaluate(RunBefores.java:26)
	at org.junit.internal.runners.statements.RunAfters.evaluate(RunAfters.java:27)
	at org.junit.runners.ParentRunner.runLeaf(ParentRunner.java:325)
	at org.junit.runners.BlockJUnit4ClassRunner.runChild(BlockJUnit4ClassRunner.java:78)
	at org.junit.runners.BlockJUnit4ClassRunner.runChild(BlockJUnit4ClassRunner.java:57)
	at org.junit.runners.ParentRunner$3.run(ParentRunner.java:290)
	at org.junit.runners.ParentRunner$1.schedule(ParentRunner.java:71)
	at org.junit.runners.ParentRunner.runChildren(ParentRunner.java:288)
	at org.junit.runners.ParentRunner.access$000(ParentRunner.java:58)
	at org.junit.runners.ParentRunner$2.evaluate(ParentRunner.java:268)
	at org.junit.runners.ParentRunner.run(ParentRunner.java:363)
	at org.apache.maven.surefire.junit4.JUnit4Provider.execute(JUnit4Provider.java:252)
	at org.apache.maven.surefire.junit4.JUnit4Provider.executeTestSet(JUnit4Provider.java:141)
	at org.apache.maven.surefire.junit4.JUnit4Provider.invoke(JUnit4Provider.java:112)
	at sun.reflect.NativeMethodAccessorImpl.invoke0(Native Method)
	at sun.reflect.NativeMethodAccessorImpl.invoke(NativeMethodAccessorImpl.java:62)
	at sun.reflect.DelegatingMethodAccessorImpl.invoke(DelegatingMethodAccessorImpl.java:43)
	at java.lang.reflect.Method.invoke(Method.java:498)
	at org.apache.maven.surefire.util.ReflectionUtils.invokeMethodWithArray(ReflectionUtils.java:189)
	at org.apache.maven.surefire.booter.ProviderFactory$ProviderProxy.invoke(ProviderFactory.java:165)
	at org.apache.maven.surefire.booter.ProviderFactory.invokeProvider(ProviderFactory.java:85)
	at org.apache.maven.surefire.booter.ForkedBooter.runSuitesInProcess(ForkedBooter.java:115)
	at org.apache.maven.surefire.booter.ForkedBooter.main(ForkedBooter.java:75)
</failure>
    <system-err>1571076747517	mozrunner::runner	INFO	Running command: &quot;C:\\Program Files (x86)\\Mozilla Firefox\\firefox.exe&quot; &quot;-marionette&quot; &quot;-foreground&quot; &quot;-no-remote&quot; &quot;-profile&quot; &quot;C:\\Users\\graph\\AppData\\Local\\Temp\\rust_mozprofileSpkXRb&quot;
1571076748325	addons.webextension.screenshots@mozilla.org	WARN	Loading extension &apos;screenshots@mozilla.org&apos;: Reading manifest: Invalid extension permission: mozillaAddons
1571076748325	addons.webextension.screenshots@mozilla.org	WARN	Loading extension &apos;screenshots@mozilla.org&apos;: Reading manifest: Invalid extension permission: telemetry
1571076748325	addons.webextension.screenshots@mozilla.org	WARN	Loading extension &apos;screenshots@mozilla.org&apos;: Reading manifest: Invalid extension permission: resource://pdf.js/
1571076748325	addons.webextension.screenshots@mozilla.org	WARN	Loading extension &apos;screenshots@mozilla.org&apos;: Reading manifest: Invalid extension permission: about:reader*
JavaScript error: resource://gre/modules/XULStore.jsm, line 66: Error: Can&apos;t find profile directory.
1571076752594	Marionette	INFO	Listening on port 6405
1571076752747	Marionette	WARN	TLS certificate errors will be ignored for this session
окт 14, 2019 9:12:32 PM org.openqa.selenium.remote.ProtocolHandshake createSession
INFO: Detected dialect: W3C
1571076754841	Marionette	INFO	Stopped listening on port 6405
[Child 4272, Chrome_ChildThread] WARNING: pipe error: 109: file z:/task_1570640083/build/src/ipc/chromium/src/chrome/common/ipc_channel_win.cc, line 341
[Child 4272, Chrome_ChildThread] WARNING: pipe error: 109: file z:/task_1570640083/build/src/ipc/chromium/src/chrome/common/ipc_channel_win.cc, line 341
[Child 10816, Chrome_ChildThread] WARNING: pipe error: 109: file z:/task_1570640083/build/src/ipc/chromium/src/chrome/common/ipc_channel_win.cc, line 341
[Child 10816, Chrome_ChildThJavaScript error: resource://gre/modules/UrlClassifierListManager.jsm, line 680: TypeError: this.tablesData[table] is undefined
[Parent 11384, Gecko_IOThread] WARNING: pipe error: 109: file z:/task_1570640083/build/src/ipc/chromium/src/chrome/common/ipc_channel_win.cc, line 341

###!!! [Child][RunMessage] Error: Channel closing: too late to send/recv, messages will be lost

[GPU 10588, Chrome_ChildThread] WARNING: pipe error: 109: fi
###!!! [Child][MessageChannel::SendAndWait] Error: Channel error: cannot send/recv

</system-err>
  </testcase>
</testsuite>